<?xml version="1.0" encoding="UTF-8"?>
<!-- Generated by org.testng.reporters.JUnitXMLReporter -->
<testsuite hostname="Guillermos-MBP.hitronhub.home" ignored="0" name="Command line test" tests="9" failures="1" timestamp="2019-12-09T17:17:38 PST" time="23.418" errors="0">
  <testcase name="displayedElements" time="10.703" classname="testCases.LoginDummyTestSuite">
    <failure type="org.openqa.selenium.NoSuchElementException" message="no such element: Unable to locate element: {&amp;quot;method&amp;quot;:&amp;quot;xpath&amp;quot;,&amp;quot;selector&amp;quot;:&amp;quot;//*[contains(@h4, &amp;apos; Failed On purpose&amp;apos;)]&amp;quot;}
  (Session info: chrome=78.0.3904.108)
For documentation on this error, please visit: https://www.seleniumhq.org/exceptions/no_such_element.html
Build info: version: &amp;apos;3.141.59&amp;apos;, revision: &amp;apos;e82be7d358&amp;apos;, time: &amp;apos;2018-11-14T08:17:03&amp;apos;
System info: host: &amp;apos;Guillermos-MBP.hitronhub.home&amp;apos;, ip: &amp;apos;fd00:a84e:3f46:c252:25d8:6de9:4b30:fc27%en0&amp;apos;, os.name: &amp;apos;Mac OS X&amp;apos;, os.arch: &amp;apos;x86_64&amp;apos;, os.version: &amp;apos;10.14.6&amp;apos;, java.version: &amp;apos;1.8.0_221&amp;apos;
Driver info: org.openqa.selenium.chrome.ChromeDriver
Capabilities {acceptInsecureCerts: false, browserName: chrome, browserVersion: 78.0.3904.108, chrome: {chromedriverVersion: 78.0.3904.105 (60e2d8774a81..., userDataDir: /var/folders/hk/wsk9gz351mz...}, goog:chromeOptions: {debuggerAddress: localhost:51820}, javascriptEnabled: true, networkConnectionEnabled: false, pageLoadStrategy: normal, platform: MAC, platformName: MAC, proxy: Proxy(), setWindowRect: true, strictFileInteractability: false, timeouts: {implicit: 0, pageLoad: 300000, script: 30000}, unhandledPromptBehavior: dismiss and notify}
Session ID: 56c7ef0c2d81a40b1af0f3c6a0a6bcff
*** Element info: {Using=xpath, value=//*[contains(@h4, &amp;apos; Failed On purpose&amp;apos;)]}">
      <![CDATA[org.openqa.selenium.NoSuchElementException: no such element: Unable to locate element: {"method":"xpath","selector":"//*[contains(@h4, ' Failed On purpose')]"}
  (Session info: chrome=78.0.3904.108)
For documentation on this error, please visit: https://www.seleniumhq.org/exceptions/no_such_element.html
Build info: version: '3.141.59', revision: 'e82be7d358', time: '2018-11-14T08:17:03'
System info: host: 'Guillermos-MBP.hitronhub.home', ip: 'fd00:a84e:3f46:c252:25d8:6de9:4b30:fc27%en0', os.name: 'Mac OS X', os.arch: 'x86_64', os.version: '10.14.6', java.version: '1.8.0_221'
Driver info: org.openqa.selenium.chrome.ChromeDriver
Capabilities {acceptInsecureCerts: false, browserName: chrome, browserVersion: 78.0.3904.108, chrome: {chromedriverVersion: 78.0.3904.105 (60e2d8774a81..., userDataDir: /var/folders/hk/wsk9gz351mz...}, goog:chromeOptions: {debuggerAddress: localhost:51820}, javascriptEnabled: true, networkConnectionEnabled: false, pageLoadStrategy: normal, platform: MAC, platformName: MAC, proxy: Proxy(), setWindowRect: true, strictFileInteractability: false, timeouts: {implicit: 0, pageLoad: 300000, script: 30000}, unhandledPromptBehavior: dismiss and notify}
Session ID: 56c7ef0c2d81a40b1af0f3c6a0a6bcff
*** Element info: {Using=xpath, value=//*[contains(@h4, ' Failed On purpose')]}
at org.openqa.selenium.remote.http.W3CHttpResponseCodec.createException(W3CHttpResponseCodec.java:187)
at org.openqa.selenium.remote.http.W3CHttpResponseCodec.decode(W3CHttpResponseCodec.java:122)
at org.openqa.selenium.remote.http.W3CHttpResponseCodec.decode(W3CHttpResponseCodec.java:49)
at org.openqa.selenium.remote.HttpCommandExecutor.execute(HttpCommandExecutor.java:158)
at org.openqa.selenium.remote.service.DriverCommandExecutor.execute(DriverCommandExecutor.java:83)
at org.openqa.selenium.remote.RemoteWebDriver.execute(RemoteWebDriver.java:552)
at org.openqa.selenium.remote.RemoteWebDriver.findElement(RemoteWebDriver.java:323)
at org.openqa.selenium.remote.RemoteWebDriver.findElementByXPath(RemoteWebDriver.java:428)
at org.openqa.selenium.By$ByXPath.findElement(By.java:353)
at org.openqa.selenium.remote.RemoteWebDriver.findElement(RemoteWebDriver.java:315)
at pageObjects.LoginPageObjects.getPasswordForAllUsers(LoginPageObjects.java:121)
at testCases.LoginDummyTestSuite.displayedElements(LoginDummyTestSuite.java:60)
at java.util.ArrayList.forEach(ArrayList.java:1257)
at testCases.TestsRunner.main(TestsRunner.java:17)
... Removed 28 stack frames]]>
    </failure>
  </testcase> <!-- displayedElements -->
  <testcase name="testLoginInvalidKeys" time="0.453" classname="testCases.LoginDummyTestSuite"/>
  <testcase name="testLoginInvalidKeys" time="0.367" classname="testCases.LoginDummyTestSuite"/>
  <testcase name="testLoginInvalidKeys" time="0.38" classname="testCases.LoginDummyTestSuite"/>
  <testcase name="testLoginInvalidKeys" time="0.401" classname="testCases.LoginDummyTestSuite"/>
  <testcase name="testLoginRightKeys" time="0.902" classname="testCases.LoginDummyTestSuite"/>
  <testcase name="testLoginRightKeys" time="5.668" classname="testCases.LoginDummyTestSuite"/>
  <testcase name="testLoginRightKeys" time="0.724" classname="testCases.LoginDummyTestSuite"/>
  <testcase name="testMaskedPassword" time="0.09" classname="testCases.LoginDummyTestSuite"/>
</testsuite> <!-- Command line test -->
